1654513082777	geckodriver	INFO	Listening on 127.0.0.1:49746
1654513085858	mozrunner::runner	INFO	Running command: "C:\\Program Files\\Mozilla Firefox\\firefox.exe" "--marionette" "-no-remote" "-profile" "C:\\Users\\V-MHUS~1\\AppData\\Local\\Temp\\rust_mozprofileFgau5P"
1654513086513	Marionette	INFO	Marionette enabled
console.warn: SearchSettings: "get: No settings file exists, new profile?" (new NotFoundError("Could not open the file at C:\\Users\\V-MHUS~1\\AppData\\Local\\Temp\\rust_mozprofileFgau5P\\search.json.mozlz4", (void 0)))
1654513088779	Marionette	INFO	Listening on port 49781
Read port: 49781
1654513088878	RemoteAgent	WARN	TLS certificate errors will be ignored for this session
console.error: services.settings: 
  main/query-stripping Signature failed  InvalidSignatureError: Invalid content signature (main/query-stripping)
console.error: services.settings: 
  main/query-stripping local data was corrupted
console.warn: services.settings: main/query-stripping Signature verified failed. Retry from scratch
console.error: services.settings: 
  main/query-stripping Signature failed again InvalidSignatureError: Invalid content signature (main/query-stripping)
JavaScript warning: http://code.jquery.com/jquery-1.10.0.min.js, line 2: Using //@ to indicate sourceMappingURL pragmas is deprecated. Use //# instead
JavaScript warning: https://pagead2.googlesyndication.com/bg/QVskxRw7CvsogGZyHRgqudPcMMWoBc1HqTdFrXgdWFU.js line 2 > eval line 6977 > eval line 1 > eval line 1 > eval, line 1: WEBGL_debug_renderer_info is deprecated in Firefox and will be removed. Please use RENDERER.
JavaScript warning: https://pagead2.googlesyndication.com/bg/QVskxRw7CvsogGZyHRgqudPcMMWoBc1HqTdFrXgdWFU.js line 2 > eval line 341 > eval line 1 > eval line 1 > eval, line 1: WEBGL_debug_renderer_info is deprecated in Firefox and will be removed. Please use RENDERER.
JavaScript error: , line 0: TypeError: NetworkError when attempting to fetch resource.
[Parent 29760, IPC I/O Parent] WARNING: file /builds/worker/checkouts/gecko/ipc/chromium/src/base/process_util_win.cc:167
JavaScript warning: http://code.jquery.com/jquery-1.10.0.min.js, line 2: Using //@ to indicate sourceMappingURL pragmas is deprecated. Use //# instead
[Parent 29760, IPC I/O Parent] WARNING: file /builds/worker/checkouts/gecko/ipc/chromium/src/base/process_util_win.cc:167
[Parent 29760, IPC I/O Parent] WARNING: file /builds/worker/checkouts/gecko/ipc/chromium/src/base/process_util_win.cc:167
JavaScript warning: https://pagead2.googlesyndication.com/bg/QVskxRw7CvsogGZyHRgqudPcMMWoBc1HqTdFrXgdWFU.js line 2 > eval line 5315 > eval line 1 > eval line 1 > eval, line 1: WEBGL_debug_renderer_info is deprecated in Firefox and will be removed. Please use RENDERER.
JavaScript error: resource://devtools/client/framework/toolbox.js, line 3400: TypeError: data.frameData.id is null
JavaScript error: resource://gre/modules/AsyncShutdown.jsm, line 575: NotFoundError: No such JSWindowActor 'DevToolsFrame'
JavaScript error: resource://gre/modules/AsyncShutdown.jsm, line 575: NotFoundError: No such JSWindowActor 'DevToolsFrame'
JavaScript error: resource://gre/modules/AsyncShutdown.jsm, line 575: NotFoundError: No such JSWindowActor 'DevToolsFrame'
JavaScript error: resource://gre/modules/AsyncShutdown.jsm, line 575: NotFoundError: No such JSWindowActor 'DevToolsFrame'
JavaScript error: resource://gre/modules/AsyncShutdown.jsm, line 575: NotFoundError: No such JSWindowActor 'DevToolsFrame'
JavaScript error: resource://gre/modules/AsyncShutdown.jsm, line 575: NotFoundError: No such JSWindowActor 'DevToolsFrame'
JavaScript error: resource://gre/modules/AsyncShutdown.jsm, line 575: NotFoundError: No such JSWindowActor 'DevToolsFrame'
JavaScript error: resource://gre/modules/AsyncShutdown.jsm, line 575: NotFoundError: No such JSWindowActor 'DevToolsFrame'
1654513404617	Marionette	INFO	Stopped listening on port 49781
JavaScript error: , line 0: TypeError: NetworkError when attempting to fetch resource.
JavaScript error: , line 0: TypeError: NetworkError when attempting to fetch resource.
[Parent 29760, IPC I/O Parent] WARNING: DuplicateHandle failed for handle 0 in TransferHandles: file /builds/worker/checkouts/gecko/ipc/chromium/src/chrome/common/ipc_channel_win.cc:723

###!!! [Parent][PGPUParent] Error: RunMessage(msgname=PGPU::Msg_ShutdownVR) Channel closing: too late to send/recv, messages will be lost

1654513406697	geckodriver	INFO	Listening on 127.0.0.1:50387
1654513409783	mozrunner::runner	INFO	Running command: "C:\\Program Files\\Mozilla Firefox\\firefox.exe" "--marionette" "-no-remote" "-profile" "C:\\Users\\V-MHUS~1\\AppData\\Local\\Temp\\rust_mozprofile97V7wx"
1654513410256	Marionette	INFO	Marionette enabled
console.warn: SearchSettings: "get: No settings file exists, new profile?" (new NotFoundError("Could not open the file at C:\\Users\\V-MHUS~1\\AppData\\Local\\Temp\\rust_mozprofile97V7wx\\search.json.mozlz4", (void 0)))
1654513411701	Marionette	INFO	Listening on port 50414
Read port: 50414
1654513411832	RemoteAgent	WARN	TLS certificate errors will be ignored for this session
JavaScript warning: http://code.jquery.com/jquery-1.10.0.min.js, line 2: Using //@ to indicate sourceMappingURL pragmas is deprecated. Use //# instead
JavaScript warning: https://pagead2.googlesyndication.com/bg/QVskxRw7CvsogGZyHRgqudPcMMWoBc1HqTdFrXgdWFU.js line 2 > eval line 12 > eval line 1 > eval line 1 > eval, line 1: WEBGL_debug_renderer_info is deprecated in Firefox and will be removed. Please use RENDERER.
1654513565208	geckodriver	INFO	Listening on 127.0.0.1:50659
1654513568285	mozrunner::runner	INFO	Running command: "C:\\Program Files\\Mozilla Firefox\\firefox.exe" "--marionette" "-no-remote" "-profile" "C:\\Users\\V-MHUS~1\\AppData\\Local\\Temp\\rust_mozprofileEGGkmP"
1654513568608	Marionette	INFO	Marionette enabled
console.warn: SearchSettings: "get: No settings file exists, new profile?" (new NotFoundError("Could not open the file at C:\\Users\\V-MHUS~1\\AppData\\Local\\Temp\\rust_mozprofileEGGkmP\\search.json.mozlz4", (void 0)))
1654513570200	Marionette	INFO	Listening on port 50687
Read port: 50687
1654513570295	RemoteAgent	WARN	TLS certificate errors will be ignored for this session
JavaScript warning: http://code.jquery.com/jquery-1.10.0.min.js, line 2: Using //@ to indicate sourceMappingURL pragmas is deprecated. Use //# instead
JavaScript warning: https://pagead2.googlesyndication.com/bg/QVskxRw7CvsogGZyHRgqudPcMMWoBc1HqTdFrXgdWFU.js line 2 > eval line 7503 > eval line 1 > eval line 1 > eval, line 1: WEBGL_debug_renderer_info is deprecated in Firefox and will be removed. Please use RENDERER.
1654513642357	geckodriver	INFO	Listening on 127.0.0.1:50847
1654513645426	mozrunner::runner	INFO	Running command: "C:\\Program Files\\Mozilla Firefox\\firefox.exe" "--marionette" "-no-remote" "-profile" "C:\\Users\\V-MHUS~1\\AppData\\Local\\Temp\\rust_mozprofileCdCPYH"
1654513645752	Marionette	INFO	Marionette enabled
console.warn: SearchSettings: "get: No settings file exists, new profile?" (new NotFoundError("Could not open the file at C:\\Users\\V-MHUS~1\\AppData\\Local\\Temp\\rust_mozprofileCdCPYH\\search.json.mozlz4", (void 0)))
1654513647369	Marionette	INFO	Listening on port 50874
Read port: 50874
1654513647434	RemoteAgent	WARN	TLS certificate errors will be ignored for this session
JavaScript warning: http://code.jquery.com/jquery-1.10.0.min.js, line 2: Using //@ to indicate sourceMappingURL pragmas is deprecated. Use //# instead
JavaScript warning: https://pagead2.googlesyndication.com/bg/QVskxRw7CvsogGZyHRgqudPcMMWoBc1HqTdFrXgdWFU.js line 2 > eval line 1349 > eval line 1 > eval line 1 > eval, line 1: WEBGL_debug_renderer_info is deprecated in Firefox and will be removed. Please use RENDERER.
JavaScript warning: https://pagead2.googlesyndication.com/bg/QVskxRw7CvsogGZyHRgqudPcMMWoBc1HqTdFrXgdWFU.js line 2 > eval line 6898 > eval line 1 > eval line 1 > eval, line 1: WEBGL_debug_renderer_info is deprecated in Firefox and will be removed. Please use RENDERER.
1654513655319	Marionette	INFO	Stopped listening on port 50874
[Parent 30036, IPC I/O Parent] WARNING: DuplicateHandle failed for handle 0 in TransferHandles: file /builds/worker/checkouts/gecko/ipc/chromium/src/chrome/common/ipc_channel_win.cc:723
JavaScript error: , line 0: TypeError: NetworkError when attempting to fetch resource.

###!!! [Child][PContentChild] Error: RunMessage(msgname=PContent::Msg_DestroyBrowsingContextGroup) Channel closing: too late to send/recv, messages will be lost

